  stdafx.cpp
c:\users\pc01\desktop\poketmontnwjd\main\stdafx.h(121): warning C4091: 'typedef ': 변수를 선언하지 않으면 'tagNPCInfo' 왼쪽은 무시됩니다.
  animation.cpp
  animationTest.cpp
c:\users\pc01\desktop\poketmontnwjd\main\animationtest.cpp(31): warning C4244: '인수': 'float'에서 'int'(으)로 변환하면서 데이터가 손실될 수 있습니다.
c:\users\pc01\desktop\poketmontnwjd\main\animationtest.cpp(33): warning C4244: '인수': 'float'에서 'int'(으)로 변환하면서 데이터가 손실될 수 있습니다.
  backBuffer.cpp
  Charecter.cpp
  Collision.cpp
  effect.cpp
  effectManager.cpp
  gameNode.cpp
c:\users\pc01\desktop\poketmontnwjd\main\gamenode.cpp(92): warning C4244: '=': 'float'에서 'LONG'(으)로 변환하면서 데이터가 손실될 수 있습니다.
c:\users\pc01\desktop\poketmontnwjd\main\gamenode.cpp(93): warning C4244: '=': 'float'에서 'LONG'(으)로 변환하면서 데이터가 손실될 수 있습니다.
c:\users\pc01\desktop\poketmontnwjd\main\gamenode.cpp(73): warning C4101: 'hdc' :참조되지 않은 지역 변수입니다.
c:\users\pc01\desktop\poketmontnwjd\main\gamenode.cpp(74): warning C4101: 'ps' :참조되지 않은 지역 변수입니다.
  image.cpp
c:\users\pc01\desktop\poketmontnwjd\main\image.cpp(354): warning C4244: '인수': 'float'에서 'int'(으)로 변환하면서 데이터가 손실될 수 있습니다.
c:\users\pc01\desktop\poketmontnwjd\main\image.cpp(353): warning C4244: '인수': 'float'에서 'int'(으)로 변환하면서 데이터가 손실될 수 있습니다.
c:\users\pc01\desktop\poketmontnwjd\main\image.cpp(368): warning C4244: '인수': 'float'에서 'int'(으)로 변환하면서 데이터가 손실될 수 있습니다.
c:\users\pc01\desktop\poketmontnwjd\main\image.cpp(367): warning C4244: '인수': 'float'에서 'int'(으)로 변환하면서 데이터가 손실될 수 있습니다.
c:\users\pc01\desktop\poketmontnwjd\main\image.cpp(572): warning C4244: '인수': 'float'에서 'int'(으)로 변환하면서 데이터가 손실될 수 있습니다.
c:\users\pc01\desktop\poketmontnwjd\main\image.cpp(578): warning C4244: '인수': 'float'에서 'int'(으)로 변환하면서 데이터가 손실될 수 있습니다.
c:\users\pc01\desktop\poketmontnwjd\main\image.cpp(583): warning C4244: '인수': 'float'에서 'int'(으)로 변환하면서 데이터가 손실될 수 있습니다.
  imageManager.cpp
  iniDataManager.cpp
  KeyManager.cpp
  Main.cpp
  mainGame.cpp
  Menu.cpp
c:\users\pc01\desktop\poketmontnwjd\main\menu.cpp(36): warning C4996: 'sprintf': This function or variable may be unsafe. Consider using sprintf_s instead. To disable deprecation, use _CRT_SECURE_NO_WARNINGS. See online help for details.
  c:\program files (x86)\windows kits\10\include\10.0.16299.0\ucrt\stdio.h(1772): note: 'sprintf' 선언을 참조하십시오.
c:\users\pc01\desktop\poketmontnwjd\main\menu.cpp(39): warning C4996: 'sprintf': This function or variable may be unsafe. Consider using sprintf_s instead. To disable deprecation, use _CRT_SECURE_NO_WARNINGS. See online help for details.
  c:\program files (x86)\windows kits\10\include\10.0.16299.0\ucrt\stdio.h(1772): note: 'sprintf' 선언을 참조하십시오.
c:\users\pc01\desktop\poketmontnwjd\main\menu.cpp(42): warning C4996: 'sprintf': This function or variable may be unsafe. Consider using sprintf_s instead. To disable deprecation, use _CRT_SECURE_NO_WARNINGS. See online help for details.
  c:\program files (x86)\windows kits\10\include\10.0.16299.0\ucrt\stdio.h(1772): note: 'sprintf' 선언을 참조하십시오.
c:\users\pc01\desktop\poketmontnwjd\main\menu.cpp(48): warning C4996: 'sprintf': This function or variable may be unsafe. Consider using sprintf_s instead. To disable deprecation, use _CRT_SECURE_NO_WARNINGS. See online help for details.
  c:\program files (x86)\windows kits\10\include\10.0.16299.0\ucrt\stdio.h(1772): note: 'sprintf' 선언을 참조하십시오.
c:\users\pc01\desktop\poketmontnwjd\main\menu.cpp(53): warning C4996: 'sprintf': This function or variable may be unsafe. Consider using sprintf_s instead. To disable deprecation, use _CRT_SECURE_NO_WARNINGS. See online help for details.
  c:\program files (x86)\windows kits\10\include\10.0.16299.0\ucrt\stdio.h(1772): note: 'sprintf' 선언을 참조하십시오.
c:\users\pc01\desktop\poketmontnwjd\main\menu.cpp(58): warning C4996: 'sprintf': This function or variable may be unsafe. Consider using sprintf_s instead. To disable deprecation, use _CRT_SECURE_NO_WARNINGS. See online help for details.
  c:\program files (x86)\windows kits\10\include\10.0.16299.0\ucrt\stdio.h(1772): note: 'sprintf' 선언을 참조하십시오.
  NPC.cpp
  pixelCollision.cpp
c:\users\pc01\desktop\poketmontnwjd\main\pixelcollision.cpp(23): warning C4244: '인수': 'float'에서 'int'(으)로 변환하면서 데이터가 손실될 수 있습니다.
c:\users\pc01\desktop\poketmontnwjd\main\pixelcollision.cpp(25): warning C4244: '=': 'float'에서 'int'(으)로 변환하면서 데이터가 손실될 수 있습니다.
c:\users\pc01\desktop\poketmontnwjd\main\pixelcollision.cpp(42): warning C4244: '인수': 'float'에서 'int'(으)로 변환하면서 데이터가 손실될 수 있습니다.
c:\users\pc01\desktop\poketmontnwjd\main\pixelcollision.cpp(44): warning C4244: '=': 'float'에서 'int'(으)로 변환하면서 데이터가 손실될 수 있습니다.
c:\users\pc01\desktop\poketmontnwjd\main\pixelcollision.cpp(53): warning C4244: '인수': 'float'에서 'int'(으)로 변환하면서 데이터가 손실될 수 있습니다.
c:\users\pc01\desktop\poketmontnwjd\main\pixelcollision.cpp(62): warning C4244: '=': 'int'에서 'float'(으)로 변환하면서 데이터가 손실될 수 있습니다.
  practiceMap.cpp
c:\users\pc01\desktop\poketmontnwjd\main\practicemap.cpp(53): warning C4996: 'sprintf': This function or variable may be unsafe. Consider using sprintf_s instead. To disable deprecation, use _CRT_SECURE_NO_WARNINGS. See online help for details.
  c:\program files (x86)\windows kits\10\include\10.0.16299.0\ucrt\stdio.h(1772): note: 'sprintf' 선언을 참조하십시오.
c:\users\pc01\desktop\poketmontnwjd\main\practicemap.cpp(59): warning C4996: 'sprintf': This function or variable may be unsafe. Consider using sprintf_s instead. To disable deprecation, use _CRT_SECURE_NO_WARNINGS. See online help for details.
  c:\program files (x86)\windows kits\10\include\10.0.16299.0\ucrt\stdio.h(1772): note: 'sprintf' 선언을 참조하십시오.
c:\users\pc01\desktop\poketmontnwjd\main\practicemap.cpp(76): warning C4996: 'sprintf': This function or variable may be unsafe. Consider using sprintf_s instead. To disable deprecation, use _CRT_SECURE_NO_WARNINGS. See online help for details.
  c:\program files (x86)\windows kits\10\include\10.0.16299.0\ucrt\stdio.h(1772): note: 'sprintf' 선언을 참조하십시오.
c:\users\pc01\desktop\poketmontnwjd\main\practicemap.cpp(82): warning C4996: 'sprintf': This function or variable may be unsafe. Consider using sprintf_s instead. To disable deprecation, use _CRT_SECURE_NO_WARNINGS. See online help for details.
  c:\program files (x86)\windows kits\10\include\10.0.16299.0\ucrt\stdio.h(1772): note: 'sprintf' 선언을 참조하십시오.
c:\users\pc01\desktop\poketmontnwjd\main\practicemap.cpp(88): warning C4996: 'sprintf': This function or variable may be unsafe. Consider using sprintf_s instead. To disable deprecation, use _CRT_SECURE_NO_WARNINGS. See online help for details.
  c:\program files (x86)\windows kits\10\include\10.0.16299.0\ucrt\stdio.h(1772): note: 'sprintf' 선언을 참조하십시오.
c:\users\pc01\desktop\poketmontnwjd\main\practicemap.cpp(94): warning C4996: 'sprintf': This function or variable may be unsafe. Consider using sprintf_s instead. To disable deprecation, use _CRT_SECURE_NO_WARNINGS. See online help for details.
  c:\program files (x86)\windows kits\10\include\10.0.16299.0\ucrt\stdio.h(1772): note: 'sprintf' 선언을 참조하십시오.
  practicePlayer.cpp
c:\users\pc01\desktop\poketmontnwjd\main\practiceplayer.cpp(134): warning C4996: 'sprintf': This function or variable may be unsafe. Consider using sprintf_s instead. To disable deprecation, use _CRT_SECURE_NO_WARNINGS. See online help for details.
  c:\program files (x86)\windows kits\10\include\10.0.16299.0\ucrt\stdio.h(1772): note: 'sprintf' 선언을 참조하십시오.
c:\users\pc01\desktop\poketmontnwjd\main\practiceplayer.cpp(140): warning C4996: 'sprintf': This function or variable may be unsafe. Consider using sprintf_s instead. To disable deprecation, use _CRT_SECURE_NO_WARNINGS. See online help for details.
  c:\program files (x86)\windows kits\10\include\10.0.16299.0\ucrt\stdio.h(1772): note: 'sprintf' 선언을 참조하십시오.
c:\users\pc01\desktop\poketmontnwjd\main\practiceplayer.cpp(146): warning C4996: 'sprintf': This function or variable may be unsafe. Consider using sprintf_s instead. To disable deprecation, use _CRT_SECURE_NO_WARNINGS. See online help for details.
  c:\program files (x86)\windows kits\10\include\10.0.16299.0\ucrt\stdio.h(1772): note: 'sprintf' 선언을 참조하십시오.
c:\users\pc01\desktop\poketmontnwjd\main\practiceplayer.cpp(152): warning C4996: 'sprintf': This function or variable may be unsafe. Consider using sprintf_s instead. To disable deprecation, use _CRT_SECURE_NO_WARNINGS. See online help for details.
  c:\program files (x86)\windows kits\10\include\10.0.16299.0\ucrt\stdio.h(1772): note: 'sprintf' 선언을 참조하십시오.
  progressBar.cpp
c:\users\pc01\desktop\poketmontnwjd\main\progressbar.cpp(22): warning C4244: '인수': 'int'에서 'float'(으)로 변환하면서 데이터가 손실될 수 있습니다.
c:\users\pc01\desktop\poketmontnwjd\main\progressbar.cpp(25): warning C4244: '인수': 'int'에서 'float'(으)로 변환하면서 데이터가 손실될 수 있습니다.
c:\users\pc01\desktop\poketmontnwjd\main\progressbar.cpp(28): warning C4244: '=': 'int'에서 'float'(으)로 변환하면서 데이터가 손실될 수 있습니다.
c:\users\pc01\desktop\poketmontnwjd\main\progressbar.cpp(53): warning C4244: '인수': 'float'에서 'int'(으)로 변환하면서 데이터가 손실될 수 있습니다.
  코드를 생성하고 있습니다...
  컴파일하고 있습니다...
  soundManager.cpp
  Tech.cpp
  Techs.cpp
  timeManager.cpp
  timer.cpp
  txtData.cpp
c:\users\pc01\desktop\poketmontnwjd\main\txtdata.cpp(56): warning C4018: '<': signed 또는 unsigned가 일치하지 않습니다.
c:\users\pc01\desktop\poketmontnwjd\main\txtdata.cpp(59): warning C4018: '<': signed 또는 unsigned가 일치하지 않습니다.
c:\users\pc01\desktop\poketmontnwjd\main\txtdata.cpp(59): warning C4996: 'strcat': This function or variable may be unsafe. Consider using strcat_s instead. To disable deprecation, use _CRT_SECURE_NO_WARNINGS. See online help for details.
  c:\program files (x86)\windows kits\10\include\10.0.16299.0\ucrt\string.h(89): note: 'strcat' 선언을 참조하십시오.
c:\users\pc01\desktop\poketmontnwjd\main\txtdata.cpp(95): warning C4996: 'strtok': This function or variable may be unsafe. Consider using strtok_s instead. To disable deprecation, use _CRT_SECURE_NO_WARNINGS. See online help for details.
  c:\program files (x86)\windows kits\10\include\10.0.16299.0\ucrt\string.h(439): note: 'strtok' 선언을 참조하십시오.
c:\users\pc01\desktop\poketmontnwjd\main\txtdata.cpp(98): warning C4996: 'strtok': This function or variable may be unsafe. Consider using strtok_s instead. To disable deprecation, use _CRT_SECURE_NO_WARNINGS. See online help for details.
  c:\program files (x86)\windows kits\10\include\10.0.16299.0\ucrt\string.h(439): note: 'strtok' 선언을 참조하십시오.
c:\users\pc01\desktop\poketmontnwjd\main\txtdata.cpp(91): warning C4101: 'temp' :참조되지 않은 지역 변수입니다.
  Unit.cpp
  Units.cpp
  utiles.cpp
  WaterFall.cpp
  코드를 생성하고 있습니다...
c:\users\pc01\desktop\poketmontnwjd\main\units.cpp(40): warning C4700: 초기화되지 않은 '_unit' 지역 변수를 사용했습니다.
c:\users\pc01\desktop\poketmontnwjd\main\txtdata.cpp(62): warning C4172: 지역 변수 또는 임시: str의 주소를 반환하고 있습니다.
  PPPP_0329.vcxproj -> C:\Users\pc01\Desktop\POKETMONtnwjd\main\Debug\PPPP_0329.exe
